2019-10-16 09:18:23.704  WARN 4660 --- [http-nio-8000-exec-2] .w.s.m.s.DefaultHandlerExceptionResolver : Resolved [org.springframework.web.method.annotation.MethodArgumentTypeMismatchException: Failed to convert value of type 'java.lang.String' to required type 'long'; nested exception is java.lang.NumberFormatException: For input string: "undefined"]
2019-10-16 09:18:23.704  WARN 4660 --- [http-nio-8000-exec-7] .w.s.m.s.DefaultHandlerExceptionResolver : Resolved [org.springframework.web.method.annotation.MethodArgumentTypeMismatchException: Failed to convert value of type 'java.lang.String' to required type 'long'; nested exception is java.lang.NumberFormatException: For input string: "undefined"]
2019-10-16 09:19:11.349  WARN 4660 --- [http-nio-8000-exec-1] .w.s.m.s.DefaultHandlerExceptionResolver : Resolved [org.springframework.web.HttpMediaTypeNotSupportedException: Content type 'application/x-www-form-urlencoded;charset=UTF-8' not supported]
2019-10-16 09:19:33.521  WARN 4660 --- [http-nio-8000-exec-9] .w.s.m.s.DefaultHandlerExceptionResolver : Resolved [org.springframework.web.HttpMediaTypeNotSupportedException: Content type 'application/x-www-form-urlencoded;charset=UTF-8' not supported]
2019-10-16 09:23:14.872  WARN 4660 --- [http-nio-8000-exec-10] .w.s.m.s.DefaultHandlerExceptionResolver : Resolved [org.springframework.web.HttpMediaTypeNotSupportedException: Content type 'application/x-www-form-urlencoded;charset=UTF-8' not supported]
2019-10-16 09:23:16.699  WARN 4660 --- [http-nio-8000-exec-9] .w.s.m.s.DefaultHandlerExceptionResolver : Resolved [org.springframework.web.HttpMediaTypeNotSupportedException: Content type 'application/x-www-form-urlencoded;charset=UTF-8' not supported]
2019-10-16 10:07:16.810  WARN 4660 --- [http-nio-8000-exec-5] .w.s.m.s.DefaultHandlerExceptionResolver : Resolved [org.springframework.web.method.annotation.MethodArgumentTypeMismatchException: Failed to convert value of type 'java.lang.String' to required type 'long'; nested exception is java.lang.NumberFormatException: For input string: "undefined"]
2019-10-16 10:07:16.810  WARN 4660 --- [http-nio-8000-exec-7] .w.s.m.s.DefaultHandlerExceptionResolver : Resolved [org.springframework.web.method.annotation.MethodArgumentTypeMismatchException: Failed to convert value of type 'java.lang.String' to required type 'long'; nested exception is java.lang.NumberFormatException: For input string: "undefined"]
2019-10-16 10:22:56.813  INFO 17048 --- [main] c.cn.wavetop.dataone.DataoneApplication  : Starting DataoneApplication on DESKTOP-IQP0LQ8 with PID 17048 (D:\web\git\repository\dataone\target\classes started by Administrator in D:\web\git\repository\dataone)
2019-10-16 10:22:56.816  INFO 17048 --- [main] c.cn.wavetop.dataone.DataoneApplication  : No active profile set, falling back to default profiles: default
2019-10-16 10:22:57.871  INFO 17048 --- [main] .s.d.r.c.RepositoryConfigurationDelegate : Bootstrapping Spring Data repositories in DEFAULT mode.
2019-10-16 10:22:58.022  INFO 17048 --- [main] .s.d.r.c.RepositoryConfigurationDelegate : Finished Spring Data repository scanning in 144ms. Found 22 repository interfaces.
2019-10-16 10:22:58.287  INFO 17048 --- [main] trationDelegate$BeanPostProcessorChecker : Bean 'org.springframework.transaction.annotation.ProxyTransactionManagementConfiguration' of type [org.springframework.transaction.annotation.ProxyTransactionManagementConfiguration$$EnhancerBySpringCGLIB$$4f0cb35a] is not eligible for getting processed by all BeanPostProcessors (for example: not eligible for auto-proxying)
2019-10-16 10:22:58.614  INFO 17048 --- [main] o.s.b.w.embedded.tomcat.TomcatWebServer  : Tomcat initialized with port(s): 8000 (http)
2019-10-16 10:22:58.632  INFO 17048 --- [main] o.apache.catalina.core.StandardService   : Starting service [Tomcat]
2019-10-16 10:22:58.632  INFO 17048 --- [main] org.apache.catalina.core.StandardEngine  : Starting Servlet engine: [Apache Tomcat/9.0.26]
2019-10-16 10:22:58.744  INFO 17048 --- [main] o.a.c.c.C.[Tomcat].[localhost].[/]       : Initializing Spring embedded WebApplicationContext
2019-10-16 10:22:58.744  INFO 17048 --- [main] o.s.web.context.ContextLoader            : Root WebApplicationContext: initialization completed in 1885 ms
2019-10-16 10:22:58.891  INFO 17048 --- [main] c.a.d.s.b.a.DruidDataSourceAutoConfigure : Init DruidDataSource
2019-10-16 10:22:59.076  INFO 17048 --- [main] com.alibaba.druid.pool.DruidDataSource   : {dataSource-1} inited
2019-10-16 10:22:59.358  INFO 17048 --- [main] o.hibernate.jpa.internal.util.LogHelper  : HHH000204: Processing PersistenceUnitInfo [
	name: default
	...]
2019-10-16 10:22:59.406  INFO 17048 --- [main] org.hibernate.Version                    : HHH000412: Hibernate Core {5.3.12.Final}
2019-10-16 10:22:59.408  INFO 17048 --- [main] org.hibernate.cfg.Environment            : HHH000206: hibernate.properties not found
2019-10-16 10:22:59.499  INFO 17048 --- [main] o.hibernate.annotations.common.Version   : HCANN000001: Hibernate Commons Annotations {5.0.4.Final}
2019-10-16 10:22:59.630  INFO 17048 --- [main] org.hibernate.dialect.Dialect            : HHH000400: Using dialect: org.hibernate.dialect.MySQL5InnoDBDialect
2019-10-16 10:23:00.432  INFO 17048 --- [main] j.LocalContainerEntityManagerFactoryBean : Initialized JPA EntityManagerFactory for persistence unit 'default'
2019-10-16 10:23:00.730  INFO 17048 --- [main] o.h.h.i.QueryTranslatorFactoryInitiator  : HHH000397: Using ASTQueryTranslatorFactory
2019-10-16 10:23:01.824  WARN 17048 --- [main] aWebConfiguration$JpaWebMvcConfiguration : spring.jpa.open-in-view is enabled by default. Therefore, database queries may be performed during view rendering. Explicitly configure spring.jpa.open-in-view to disable this warning
2019-10-16 10:23:02.110  INFO 17048 --- [main] pertySourcedRequestMappingHandlerMapping : Mapped URL path [/v2/api-docs] onto method [public org.springframework.http.ResponseEntity<springfox.documentation.spring.web.json.Json> springfox.documentation.swagger2.web.Swagger2Controller.getDocumentation(java.lang.String,javax.servlet.http.HttpServletRequest)]
2019-10-16 10:23:02.265  INFO 17048 --- [main] o.s.s.concurrent.ThreadPoolTaskExecutor  : Initializing ExecutorService 'applicationTaskExecutor'
2019-10-16 10:23:02.441  INFO 17048 --- [main] d.s.w.p.DocumentationPluginsBootstrapper : Context refreshed
2019-10-16 10:23:02.455  INFO 17048 --- [main] d.s.w.p.DocumentationPluginsBootstrapper : Found 1 custom documentation plugin(s)
2019-10-16 10:23:02.478  INFO 17048 --- [main] s.d.s.w.s.ApiListingReferenceScanner     : Scanning for api listing references
2019-10-16 10:23:02.606  INFO 17048 --- [main] .d.s.w.r.o.CachingOperationNameGenerator : Generating unique operation named: delete_errorlogUsingPOST_1
2019-10-16 10:23:02.645  INFO 17048 --- [main] .d.s.w.r.o.CachingOperationNameGenerator : Generating unique operation named: check_jobinfoUsingPOST_1
2019-10-16 10:23:02.679  INFO 17048 --- [main] .d.s.w.r.o.CachingOperationNameGenerator : Generating unique operation named: addUserUsingPOST_1
2019-10-16 10:23:02.680  INFO 17048 --- [main] .d.s.w.r.o.CachingOperationNameGenerator : Generating unique operation named: checkUserUsingGET_1
2019-10-16 10:23:02.681  INFO 17048 --- [main] .d.s.w.r.o.CachingOperationNameGenerator : Generating unique operation named: checkUserUsingHEAD_1
2019-10-16 10:23:02.681  INFO 17048 --- [main] .d.s.w.r.o.CachingOperationNameGenerator : Generating unique operation named: checkUserUsingPOST_1
2019-10-16 10:23:02.682  INFO 17048 --- [main] .d.s.w.r.o.CachingOperationNameGenerator : Generating unique operation named: checkUserUsingPUT_1
2019-10-16 10:23:02.683  INFO 17048 --- [main] .d.s.w.r.o.CachingOperationNameGenerator : Generating unique operation named: checkUserUsingPATCH_1
2019-10-16 10:23:02.683  INFO 17048 --- [main] .d.s.w.r.o.CachingOperationNameGenerator : Generating unique operation named: checkUserUsingDELETE_1
2019-10-16 10:23:02.684  INFO 17048 --- [main] .d.s.w.r.o.CachingOperationNameGenerator : Generating unique operation named: checkUserUsingOPTIONS_1
2019-10-16 10:23:02.684  INFO 17048 --- [main] .d.s.w.r.o.CachingOperationNameGenerator : Generating unique operation named: checkUserUsingTRACE_1
2019-10-16 10:23:02.688  INFO 17048 --- [main] .d.s.w.r.o.CachingOperationNameGenerator : Generating unique operation named: deleteUserUsingGET_1
2019-10-16 10:23:02.689  INFO 17048 --- [main] .d.s.w.r.o.CachingOperationNameGenerator : Generating unique operation named: deleteUserUsingHEAD_1
2019-10-16 10:23:02.690  INFO 17048 --- [main] .d.s.w.r.o.CachingOperationNameGenerator : Generating unique operation named: deleteUserUsingPOST_1
2019-10-16 10:23:02.690  INFO 17048 --- [main] .d.s.w.r.o.CachingOperationNameGenerator : Generating unique operation named: deleteUserUsingPUT_1
2019-10-16 10:23:02.691  INFO 17048 --- [main] .d.s.w.r.o.CachingOperationNameGenerator : Generating unique operation named: deleteUserUsingPATCH_1
2019-10-16 10:23:02.692  INFO 17048 --- [main] .d.s.w.r.o.CachingOperationNameGenerator : Generating unique operation named: deleteUserUsingDELETE_1
2019-10-16 10:23:02.692  INFO 17048 --- [main] .d.s.w.r.o.CachingOperationNameGenerator : Generating unique operation named: deleteUserUsingOPTIONS_1
2019-10-16 10:23:02.693  INFO 17048 --- [main] .d.s.w.r.o.CachingOperationNameGenerator : Generating unique operation named: deleteUserUsingTRACE_1
2019-10-16 10:23:02.694  INFO 17048 --- [main] .d.s.w.r.o.CachingOperationNameGenerator : Generating unique operation named: editUserUsingPOST_1
2019-10-16 10:23:02.707  INFO 17048 --- [main] .d.s.w.r.o.CachingOperationNameGenerator : Generating unique operation named: userAllUsingGET_1
2019-10-16 10:23:02.707  INFO 17048 --- [main] .d.s.w.r.o.CachingOperationNameGenerator : Generating unique operation named: userAllUsingHEAD_1
2019-10-16 10:23:02.708  INFO 17048 --- [main] .d.s.w.r.o.CachingOperationNameGenerator : Generating unique operation named: userAllUsingPOST_1
2019-10-16 10:23:02.708  INFO 17048 --- [main] .d.s.w.r.o.CachingOperationNameGenerator : Generating unique operation named: userAllUsingPUT_1
2019-10-16 10:23:02.709  INFO 17048 --- [main] .d.s.w.r.o.CachingOperationNameGenerator : Generating unique operation named: userAllUsingPATCH_1
2019-10-16 10:23:02.709  INFO 17048 --- [main] .d.s.w.r.o.CachingOperationNameGenerator : Generating unique operation named: userAllUsingDELETE_1
2019-10-16 10:23:02.709  INFO 17048 --- [main] .d.s.w.r.o.CachingOperationNameGenerator : Generating unique operation named: userAllUsingOPTIONS_1
2019-10-16 10:23:02.710  INFO 17048 --- [main] .d.s.w.r.o.CachingOperationNameGenerator : Generating unique operation named: userAllUsingTRACE_1
2019-10-16 10:23:02.713  INFO 17048 --- [main] .d.s.w.r.o.CachingOperationNameGenerator : Generating unique operation named: addUserUsingPOST_2
2019-10-16 10:23:02.714  INFO 17048 --- [main] .d.s.w.r.o.CachingOperationNameGenerator : Generating unique operation named: checkUserUsingGET_2
2019-10-16 10:23:02.714  INFO 17048 --- [main] .d.s.w.r.o.CachingOperationNameGenerator : Generating unique operation named: checkUserUsingHEAD_2
2019-10-16 10:23:02.715  INFO 17048 --- [main] .d.s.w.r.o.CachingOperationNameGenerator : Generating unique operation named: checkUserUsingPOST_2
2019-10-16 10:23:02.715  INFO 17048 --- [main] .d.s.w.r.o.CachingOperationNameGenerator : Generating unique operation named: checkUserUsingPUT_2
2019-10-16 10:23:02.716  INFO 17048 --- [main] .d.s.w.r.o.CachingOperationNameGenerator : Generating unique operation named: checkUserUsingPATCH_2
2019-10-16 10:23:02.716  INFO 17048 --- [main] .d.s.w.r.o.CachingOperationNameGenerator : Generating unique operation named: checkUserUsingDELETE_2
2019-10-16 10:23:02.717  INFO 17048 --- [main] .d.s.w.r.o.CachingOperationNameGenerator : Generating unique operation named: checkUserUsingOPTIONS_2
2019-10-16 10:23:02.717  INFO 17048 --- [main] .d.s.w.r.o.CachingOperationNameGenerator : Generating unique operation named: checkUserUsingTRACE_2
2019-10-16 10:23:02.718  INFO 17048 --- [main] .d.s.w.r.o.CachingOperationNameGenerator : Generating unique operation named: deleteUserUsingGET_2
2019-10-16 10:23:02.719  INFO 17048 --- [main] .d.s.w.r.o.CachingOperationNameGenerator : Generating unique operation named: deleteUserUsingHEAD_2
2019-10-16 10:23:02.719  INFO 17048 --- [main] .d.s.w.r.o.CachingOperationNameGenerator : Generating unique operation named: deleteUserUsingPOST_2
2019-10-16 10:23:02.720  INFO 17048 --- [main] .d.s.w.r.o.CachingOperationNameGenerator : Generating unique operation named: deleteUserUsingPUT_2
2019-10-16 10:23:02.720  INFO 17048 --- [main] .d.s.w.r.o.CachingOperationNameGenerator : Generating unique operation named: deleteUserUsingPATCH_2
2019-10-16 10:23:02.721  INFO 17048 --- [main] .d.s.w.r.o.CachingOperationNameGenerator : Generating unique operation named: deleteUserUsingDELETE_2
2019-10-16 10:23:02.721  INFO 17048 --- [main] .d.s.w.r.o.CachingOperationNameGenerator : Generating unique operation named: deleteUserUsingOPTIONS_2
2019-10-16 10:23:02.722  INFO 17048 --- [main] .d.s.w.r.o.CachingOperationNameGenerator : Generating unique operation named: deleteUserUsingTRACE_2
2019-10-16 10:23:02.723  INFO 17048 --- [main] .d.s.w.r.o.CachingOperationNameGenerator : Generating unique operation named: editUserUsingPOST_2
2019-10-16 10:23:02.724  INFO 17048 --- [main] .d.s.w.r.o.CachingOperationNameGenerator : Generating unique operation named: userAllUsingGET_2
2019-10-16 10:23:02.724  INFO 17048 --- [main] .d.s.w.r.o.CachingOperationNameGenerator : Generating unique operation named: userAllUsingHEAD_2
2019-10-16 10:23:02.724  INFO 17048 --- [main] .d.s.w.r.o.CachingOperationNameGenerator : Generating unique operation named: userAllUsingPOST_2
2019-10-16 10:23:02.725  INFO 17048 --- [main] .d.s.w.r.o.CachingOperationNameGenerator : Generating unique operation named: userAllUsingPUT_2
2019-10-16 10:23:02.725  INFO 17048 --- [main] .d.s.w.r.o.CachingOperationNameGenerator : Generating unique operation named: userAllUsingPATCH_2
2019-10-16 10:23:02.726  INFO 17048 --- [main] .d.s.w.r.o.CachingOperationNameGenerator : Generating unique operation named: userAllUsingDELETE_2
2019-10-16 10:23:02.726  INFO 17048 --- [main] .d.s.w.r.o.CachingOperationNameGenerator : Generating unique operation named: userAllUsingOPTIONS_2
2019-10-16 10:23:02.726  INFO 17048 --- [main] .d.s.w.r.o.CachingOperationNameGenerator : Generating unique operation named: userAllUsingTRACE_2
2019-10-16 10:23:02.743  INFO 17048 --- [main] .d.s.w.r.o.CachingOperationNameGenerator : Generating unique operation named: addUserUsingPOST_3
2019-10-16 10:23:02.743  INFO 17048 --- [main] .d.s.w.r.o.CachingOperationNameGenerator : Generating unique operation named: checkUserUsingGET_3
2019-10-16 10:23:02.744  INFO 17048 --- [main] .d.s.w.r.o.CachingOperationNameGenerator : Generating unique operation named: checkUserUsingHEAD_3
2019-10-16 10:23:02.745  INFO 17048 --- [main] .d.s.w.r.o.CachingOperationNameGenerator : Generating unique operation named: checkUserUsingPOST_3
2019-10-16 10:23:02.745  INFO 17048 --- [main] .d.s.w.r.o.CachingOperationNameGenerator : Generating unique operation named: checkUserUsingPUT_3
2019-10-16 10:23:02.746  INFO 17048 --- [main] .d.s.w.r.o.CachingOperationNameGenerator : Generating unique operation named: checkUserUsingPATCH_3
2019-10-16 10:23:02.746  INFO 17048 --- [main] .d.s.w.r.o.CachingOperationNameGenerator : Generating unique operation named: checkUserUsingDELETE_3
2019-10-16 10:23:02.746  INFO 17048 --- [main] .d.s.w.r.o.CachingOperationNameGenerator : Generating unique operation named: checkUserUsingOPTIONS_3
2019-10-16 10:23:02.747  INFO 17048 --- [main] .d.s.w.r.o.CachingOperationNameGenerator : Generating unique operation named: checkUserUsingTRACE_3
2019-10-16 10:23:02.748  INFO 17048 --- [main] .d.s.w.r.o.CachingOperationNameGenerator : Generating unique operation named: deleteUserUsingGET_3
2019-10-16 10:23:02.749  INFO 17048 --- [main] .d.s.w.r.o.CachingOperationNameGenerator : Generating unique operation named: deleteUserUsingHEAD_3
2019-10-16 10:23:02.749  INFO 17048 --- [main] .d.s.w.r.o.CachingOperationNameGenerator : Generating unique operation named: deleteUserUsingPOST_3
2019-10-16 10:23:02.750  INFO 17048 --- [main] .d.s.w.r.o.CachingOperationNameGenerator : Generating unique operation named: deleteUserUsingPUT_3
2019-10-16 10:23:02.751  INFO 17048 --- [main] .d.s.w.r.o.CachingOperationNameGenerator : Generating unique operation named: deleteUserUsingPATCH_3
2019-10-16 10:23:02.751  INFO 17048 --- [main] .d.s.w.r.o.CachingOperationNameGenerator : Generating unique operation named: deleteUserUsingDELETE_3
2019-10-16 10:23:02.752  INFO 17048 --- [main] .d.s.w.r.o.CachingOperationNameGenerator : Generating unique operation named: deleteUserUsingOPTIONS_3
2019-10-16 10:23:02.752  INFO 17048 --- [main] .d.s.w.r.o.CachingOperationNameGenerator : Generating unique operation named: deleteUserUsingTRACE_3
2019-10-16 10:23:02.753  INFO 17048 --- [main] .d.s.w.r.o.CachingOperationNameGenerator : Generating unique operation named: editUserUsingPOST_3
2019-10-16 10:23:02.754  INFO 17048 --- [main] .d.s.w.r.o.CachingOperationNameGenerator : Generating unique operation named: userAllUsingGET_3
2019-10-16 10:23:02.754  INFO 17048 --- [main] .d.s.w.r.o.CachingOperationNameGenerator : Generating unique operation named: userAllUsingHEAD_3
2019-10-16 10:23:02.754  INFO 17048 --- [main] .d.s.w.r.o.CachingOperationNameGenerator : Generating unique operation named: userAllUsingPOST_3
2019-10-16 10:23:02.755  INFO 17048 --- [main] .d.s.w.r.o.CachingOperationNameGenerator : Generating unique operation named: userAllUsingPUT_3
2019-10-16 10:23:02.755  INFO 17048 --- [main] .d.s.w.r.o.CachingOperationNameGenerator : Generating unique operation named: userAllUsingPATCH_3
2019-10-16 10:23:02.756  INFO 17048 --- [main] .d.s.w.r.o.CachingOperationNameGenerator : Generating unique operation named: userAllUsingDELETE_3
2019-10-16 10:23:02.756  INFO 17048 --- [main] .d.s.w.r.o.CachingOperationNameGenerator : Generating unique operation named: userAllUsingOPTIONS_3
2019-10-16 10:23:02.757  INFO 17048 --- [main] .d.s.w.r.o.CachingOperationNameGenerator : Generating unique operation named: userAllUsingTRACE_3
2019-10-16 10:23:02.803  INFO 17048 --- [main] o.s.b.w.embedded.tomcat.TomcatWebServer  : Tomcat started on port(s): 8000 (http) with context path ''
2019-10-16 10:23:02.805  INFO 17048 --- [main] c.cn.wavetop.dataone.DataoneApplication  : Started DataoneApplication in 6.408 seconds (JVM running for 7.062)
2019-10-16 10:23:46.036  INFO 17048 --- [http-nio-8000-exec-1] o.a.c.c.C.[Tomcat].[localhost].[/]       : Initializing Spring DispatcherServlet 'dispatcherServlet'
2019-10-16 10:23:46.036  INFO 17048 --- [http-nio-8000-exec-1] o.s.web.servlet.DispatcherServlet        : Initializing Servlet 'dispatcherServlet'
2019-10-16 10:23:46.050  INFO 17048 --- [http-nio-8000-exec-1] o.s.web.servlet.DispatcherServlet        : Completed initialization in 13 ms
2019-10-16 10:29:05.843  WARN 17048 --- [http-nio-8000-exec-1] .w.s.m.s.DefaultHandlerExceptionResolver : Resolved [org.springframework.web.HttpMediaTypeNotSupportedException: Content type 'application/x-www-form-urlencoded;charset=UTF-8' not supported]
2019-10-16 10:30:14.189  WARN 17048 --- [http-nio-8000-exec-3] .w.s.m.s.DefaultHandlerExceptionResolver : Resolved [org.springframework.web.HttpMediaTypeNotSupportedException: Content type 'application/x-www-form-urlencoded;charset=UTF-8' not supported]
2019-10-16 11:17:05.520 ERROR 17048 --- [http-nio-8000-exec-7] o.a.c.c.C.[.[.[/].[dispatcherServlet]    : Servlet.service() for servlet [dispatcherServlet] in context with path [] threw exception [Request processing failed; nested exception is java.lang.ArrayIndexOutOfBoundsException: 1] with root cause

java.lang.ArrayIndexOutOfBoundsException: 1
	at com.cn.wavetop.dataone.service.impl.SysFieldruleServiceImpl.editFieldrule(SysFieldruleServiceImpl.java:73) ~[classes/:na]
	at com.cn.wavetop.dataone.controller.SysFieldruleController.edit_fieldrule(SysFieldruleController.java:45) ~[classes/:na]
	at sun.reflect.NativeMethodAccessorImpl.invoke0(Native Method) ~[na:1.8.0_221]
	at sun.reflect.NativeMethodAccessorImpl.invoke(NativeMethodAccessorImpl.java:62) ~[na:1.8.0_221]
	at sun.reflect.DelegatingMethodAccessorImpl.invoke(DelegatingMethodAccessorImpl.java:43) ~[na:1.8.0_221]
	at java.lang.reflect.Method.invoke(Method.java:498) ~[na:1.8.0_221]
	at org.springframework.web.method.support.InvocableHandlerMethod.doInvoke(InvocableHandlerMethod.java:190) ~[spring-web-5.1.10.RELEASE.jar:5.1.10.RELEASE]
	at org.springframework.web.method.support.InvocableHandlerMethod.invokeForRequest(InvocableHandlerMethod.java:138) ~[spring-web-5.1.10.RELEASE.jar:5.1.10.RELEASE]
	at org.springframework.web.servlet.mvc.method.annotation.ServletInvocableHandlerMethod.invokeAndHandle(ServletInvocableHandlerMethod.java:105) ~[spring-webmvc-5.1.10.RELEASE.jar:5.1.10.RELEASE]
	at org.springframework.web.servlet.mvc.method.annotation.RequestMappingHandlerAdapter.invokeHandlerMethod(RequestMappingHandlerAdapter.java:893) ~[spring-webmvc-5.1.10.RELEASE.jar:5.1.10.RELEASE]
	at org.springframework.web.servlet.mvc.method.annotation.RequestMappingHandlerAdapter.handleInternal(RequestMappingHandlerAdapter.java:798) ~[spring-webmvc-5.1.10.RELEASE.jar:5.1.10.RELEASE]
	at org.springframework.web.servlet.mvc.method.AbstractHandlerMethodAdapter.handle(AbstractHandlerMethodAdapter.java:87) ~[spring-webmvc-5.1.10.RELEASE.jar:5.1.10.RELEASE]
	at org.springframework.web.servlet.DispatcherServlet.doDispatch(DispatcherServlet.java:1040) ~[spring-webmvc-5.1.10.RELEASE.jar:5.1.10.RELEASE]
	at org.springframework.web.servlet.DispatcherServlet.doService(DispatcherServlet.java:943) ~[spring-webmvc-5.1.10.RELEASE.jar:5.1.10.RELEASE]
	at org.springframework.web.servlet.FrameworkServlet.processRequest(FrameworkServlet.java:1006) ~[spring-webmvc-5.1.10.RELEASE.jar:5.1.10.RELEASE]
	at org.springframework.web.servlet.FrameworkServlet.doPost(FrameworkServlet.java:909) ~[spring-webmvc-5.1.10.RELEASE.jar:5.1.10.RELEASE]
	at javax.servlet.http.HttpServlet.service(HttpServlet.java:660) ~[tomcat-embed-core-9.0.26.jar:9.0.26]
	at org.springframework.web.servlet.FrameworkServlet.service(FrameworkServlet.java:883) ~[spring-webmvc-5.1.10.RELEASE.jar:5.1.10.RELEASE]
	at javax.servlet.http.HttpServlet.service(HttpServlet.java:741) ~[tomcat-embed-core-9.0.26.jar:9.0.26]
	at org.apache.catalina.core.ApplicationFilterChain.internalDoFilter(ApplicationFilterChain.java:231) ~[tomcat-embed-core-9.0.26.jar:9.0.26]
	at org.apache.catalina.core.ApplicationFilterChain.doFilter(ApplicationFilterChain.java:166) ~[tomcat-embed-core-9.0.26.jar:9.0.26]
	at org.apache.tomcat.websocket.server.WsFilter.doFilter(WsFilter.java:53) ~[tomcat-embed-websocket-9.0.26.jar:9.0.26]
	at org.apache.catalina.core.ApplicationFilterChain.internalDoFilter(ApplicationFilterChain.java:193) ~[tomcat-embed-core-9.0.26.jar:9.0.26]
	at org.apache.catalina.core.ApplicationFilterChain.doFilter(ApplicationFilterChain.java:166) ~[tomcat-embed-core-9.0.26.jar:9.0.26]
	at com.alibaba.druid.support.http.WebStatFilter.doFilter(WebStatFilter.java:123) ~[druid-1.1.10.jar:1.1.10]
	at org.apache.catalina.core.ApplicationFilterChain.internalDoFilter(ApplicationFilterChain.java:193) ~[tomcat-embed-core-9.0.26.jar:9.0.26]
	at org.apache.catalina.core.ApplicationFilterChain.doFilter(ApplicationFilterChain.java:166) ~[tomcat-embed-core-9.0.26.jar:9.0.26]
	at org.springframework.web.filter.RequestContextFilter.doFilterInternal(RequestContextFilter.java:100) ~[spring-web-5.1.10.RELEASE.jar:5.1.10.RELEASE]
	at org.springframework.web.filter.OncePerRequestFilter.doFilter(OncePerRequestFilter.java:119) ~[spring-web-5.1.10.RELEASE.jar:5.1.10.RELEASE]
	at org.apache.catalina.core.ApplicationFilterChain.internalDoFilter(ApplicationFilterChain.java:193) ~[tomcat-embed-core-9.0.26.jar:9.0.26]
	at org.apache.catalina.core.ApplicationFilterChain.doFilter(ApplicationFilterChain.java:166) ~[tomcat-embed-core-9.0.26.jar:9.0.26]
	at org.springframework.web.filter.FormContentFilter.doFilterInternal(FormContentFilter.java:93) ~[spring-web-5.1.10.RELEASE.jar:5.1.10.RELEASE]
	at org.springframework.web.filter.OncePerRequestFilter.doFilter(OncePerRequestFilter.java:119) ~[spring-web-5.1.10.RELEASE.jar:5.1.10.RELEASE]
	at org.apache.catalina.core.ApplicationFilterChain.internalDoFilter(ApplicationFilterChain.java:193) ~[tomcat-embed-core-9.0.26.jar:9.0.26]
	at org.apache.catalina.core.ApplicationFilterChain.doFilter(ApplicationFilterChain.java:166) ~[tomcat-embed-core-9.0.26.jar:9.0.26]
	at org.springframework.web.filter.HiddenHttpMethodFilter.doFilterInternal(HiddenHttpMethodFilter.java:94) ~[spring-web-5.1.10.RELEASE.jar:5.1.10.RELEASE]
	at org.springframework.web.filter.OncePerRequestFilter.doFilter(OncePerRequestFilter.java:119) ~[spring-web-5.1.10.RELEASE.jar:5.1.10.RELEASE]
	at org.apache.catalina.core.ApplicationFilterChain.internalDoFilter(ApplicationFilterChain.java:193) ~[tomcat-embed-core-9.0.26.jar:9.0.26]
	at org.apache.catalina.core.ApplicationFilterChain.doFilter(ApplicationFilterChain.java:166) ~[tomcat-embed-core-9.0.26.jar:9.0.26]
	at org.springframework.web.filter.CharacterEncodingFilter.doFilterInternal(CharacterEncodingFilter.java:201) ~[spring-web-5.1.10.RELEASE.jar:5.1.10.RELEASE]
	at org.springframework.web.filter.OncePerRequestFilter.doFilter(OncePerRequestFilter.java:119) ~[spring-web-5.1.10.RELEASE.jar:5.1.10.RELEASE]
	at org.apache.catalina.core.ApplicationFilterChain.internalDoFilter(ApplicationFilterChain.java:193) ~[tomcat-embed-core-9.0.26.jar:9.0.26]
	at org.apache.catalina.core.ApplicationFilterChain.doFilter(ApplicationFilterChain.java:166) ~[tomcat-embed-core-9.0.26.jar:9.0.26]
	at org.springframework.web.filter.CorsFilter.doFilterInternal(CorsFilter.java:97) ~[spring-web-5.1.10.RELEASE.jar:5.1.10.RELEASE]
	at org.springframework.web.filter.OncePerRequestFilter.doFilter(OncePerRequestFilter.java:119) ~[spring-web-5.1.10.RELEASE.jar:5.1.10.RELEASE]
	at org.apache.catalina.core.ApplicationFilterChain.internalDoFilter(ApplicationFilterChain.java:193) ~[tomcat-embed-core-9.0.26.jar:9.0.26]
	at org.apache.catalina.core.ApplicationFilterChain.doFilter(ApplicationFilterChain.java:166) ~[tomcat-embed-core-9.0.26.jar:9.0.26]
	at org.apache.catalina.core.StandardWrapperValve.invoke(StandardWrapperValve.java:202) ~[tomcat-embed-core-9.0.26.jar:9.0.26]
	at org.apache.catalina.core.StandardContextValve.invoke(StandardContextValve.java:96) [tomcat-embed-core-9.0.26.jar:9.0.26]
	at org.apache.catalina.authenticator.AuthenticatorBase.invoke(AuthenticatorBase.java:526) [tomcat-embed-core-9.0.26.jar:9.0.26]
	at org.apache.catalina.core.StandardHostValve.invoke(StandardHostValve.java:139) [tomcat-embed-core-9.0.26.jar:9.0.26]
	at org.apache.catalina.valves.ErrorReportValve.invoke(ErrorReportValve.java:92) [tomcat-embed-core-9.0.26.jar:9.0.26]
	at org.apache.catalina.core.StandardEngineValve.invoke(StandardEngineValve.java:74) [tomcat-embed-core-9.0.26.jar:9.0.26]
	at org.apache.catalina.connector.CoyoteAdapter.service(CoyoteAdapter.java:343) [tomcat-embed-core-9.0.26.jar:9.0.26]
	at org.apache.coyote.http11.Http11Processor.service(Http11Processor.java:408) [tomcat-embed-core-9.0.26.jar:9.0.26]
	at org.apache.coyote.AbstractProcessorLight.process(AbstractProcessorLight.java:66) [tomcat-embed-core-9.0.26.jar:9.0.26]
	at org.apache.coyote.AbstractProtocol$ConnectionHandler.process(AbstractProtocol.java:860) [tomcat-embed-core-9.0.26.jar:9.0.26]
	at org.apache.tomcat.util.net.NioEndpoint$SocketProcessor.doRun(NioEndpoint.java:1589) [tomcat-embed-core-9.0.26.jar:9.0.26]
	at org.apache.tomcat.util.net.SocketProcessorBase.run(SocketProcessorBase.java:49) [tomcat-embed-core-9.0.26.jar:9.0.26]
	at java.util.concurrent.ThreadPoolExecutor.runWorker(ThreadPoolExecutor.java:1149) [na:1.8.0_221]
	at java.util.concurrent.ThreadPoolExecutor$Worker.run(ThreadPoolExecutor.java:624) [na:1.8.0_221]
	at org.apache.tomcat.util.threads.TaskThread$WrappingRunnable.run(TaskThread.java:61) [tomcat-embed-core-9.0.26.jar:9.0.26]
	at java.lang.Thread.run(Thread.java:748) [na:1.8.0_221]

2019-10-16 12:00:04.326  INFO 19156 --- [main] c.cn.wavetop.dataone.DataoneApplication  : Starting DataoneApplication on DESKTOP-IQP0LQ8 with PID 19156 (D:\web\git\repository\dataone\target\classes started by Administrator in D:\web\git\repository\dataone)
2019-10-16 12:00:04.329  INFO 19156 --- [main] c.cn.wavetop.dataone.DataoneApplication  : No active profile set, falling back to default profiles: default
2019-10-16 12:00:05.389  INFO 19156 --- [main] .s.d.r.c.RepositoryConfigurationDelegate : Bootstrapping Spring Data repositories in DEFAULT mode.
2019-10-16 12:00:05.636  INFO 19156 --- [main] .s.d.r.c.RepositoryConfigurationDelegate : Finished Spring Data repository scanning in 233ms. Found 22 repository interfaces.
2019-10-16 12:00:05.911  INFO 19156 --- [main] trationDelegate$BeanPostProcessorChecker : Bean 'org.springframework.transaction.annotation.ProxyTransactionManagementConfiguration' of type [org.springframework.transaction.annotation.ProxyTransactionManagementConfiguration$$EnhancerBySpringCGLIB$$678757f7] is not eligible for getting processed by all BeanPostProcessors (for example: not eligible for auto-proxying)
2019-10-16 12:00:06.237  INFO 19156 --- [main] o.s.b.w.embedded.tomcat.TomcatWebServer  : Tomcat initialized with port(s): 8000 (http)
2019-10-16 12:00:06.255  INFO 19156 --- [main] o.apache.catalina.core.StandardService   : Starting service [Tomcat]
2019-10-16 12:00:06.255  INFO 19156 --- [main] org.apache.catalina.core.StandardEngine  : Starting Servlet engine: [Apache Tomcat/9.0.26]
2019-10-16 12:00:06.381  INFO 19156 --- [main] o.a.c.c.C.[Tomcat].[localhost].[/]       : Initializing Spring embedded WebApplicationContext
2019-10-16 12:00:06.381  INFO 19156 --- [main] o.s.web.context.ContextLoader            : Root WebApplicationContext: initialization completed in 2022 ms
2019-10-16 12:00:06.559  INFO 19156 --- [main] c.a.d.s.b.a.DruidDataSourceAutoConfigure : Init DruidDataSource
2019-10-16 12:00:06.746  INFO 19156 --- [main] com.alibaba.druid.pool.DruidDataSource   : {dataSource-1} inited
2019-10-16 12:00:07.027  INFO 19156 --- [main] o.hibernate.jpa.internal.util.LogHelper  : HHH000204: Processing PersistenceUnitInfo [
	name: default
	...]
2019-10-16 12:00:07.075  INFO 19156 --- [main] org.hibernate.Version                    : HHH000412: Hibernate Core {5.3.12.Final}
2019-10-16 12:00:07.077  INFO 19156 --- [main] org.hibernate.cfg.Environment            : HHH000206: hibernate.properties not found
2019-10-16 12:00:07.171  INFO 19156 --- [main] o.hibernate.annotations.common.Version   : HCANN000001: Hibernate Commons Annotations {5.0.4.Final}
2019-10-16 12:00:07.307  INFO 19156 --- [main] org.hibernate.dialect.Dialect            : HHH000400: Using dialect: org.hibernate.dialect.MySQL5InnoDBDialect
2019-10-16 12:00:08.128  INFO 19156 --- [main] j.LocalContainerEntityManagerFactoryBean : Initialized JPA EntityManagerFactory for persistence unit 'default'
2019-10-16 12:00:08.421  INFO 19156 --- [main] o.h.h.i.QueryTranslatorFactoryInitiator  : HHH000397: Using ASTQueryTranslatorFactory
2019-10-16 12:00:09.576  WARN 19156 --- [main] aWebConfiguration$JpaWebMvcConfiguration : spring.jpa.open-in-view is enabled by default. Therefore, database queries may be performed during view rendering. Explicitly configure spring.jpa.open-in-view to disable this warning
2019-10-16 12:00:09.863  INFO 19156 --- [main] pertySourcedRequestMappingHandlerMapping : Mapped URL path [/v2/api-docs] onto method [public org.springframework.http.ResponseEntity<springfox.documentation.spring.web.json.Json> springfox.documentation.swagger2.web.Swagger2Controller.getDocumentation(java.lang.String,javax.servlet.http.HttpServletRequest)]
2019-10-16 12:00:10.022  INFO 19156 --- [main] o.s.s.concurrent.ThreadPoolTaskExecutor  : Initializing ExecutorService 'applicationTaskExecutor'
2019-10-16 12:00:10.200  INFO 19156 --- [main] d.s.w.p.DocumentationPluginsBootstrapper : Context refreshed
2019-10-16 12:00:10.215  INFO 19156 --- [main] d.s.w.p.DocumentationPluginsBootstrapper : Found 1 custom documentation plugin(s)
2019-10-16 12:00:10.239  INFO 19156 --- [main] s.d.s.w.s.ApiListingReferenceScanner     : Scanning for api listing references
2019-10-16 12:00:10.370  INFO 19156 --- [main] .d.s.w.r.o.CachingOperationNameGenerator : Generating unique operation named: delete_errorlogUsingPOST_1
2019-10-16 12:00:10.411  INFO 19156 --- [main] .d.s.w.r.o.CachingOperationNameGenerator : Generating unique operation named: check_jobinfoUsingPOST_1
2019-10-16 12:00:10.441  INFO 19156 --- [main] .d.s.w.r.o.CachingOperationNameGenerator : Generating unique operation named: addUserUsingPOST_1
2019-10-16 12:00:10.442  INFO 19156 --- [main] .d.s.w.r.o.CachingOperationNameGenerator : Generating unique operation named: checkUserUsingGET_1
2019-10-16 12:00:10.443  INFO 19156 --- [main] .d.s.w.r.o.CachingOperationNameGenerator : Generating unique operation named: checkUserUsingHEAD_1
2019-10-16 12:00:10.444  INFO 19156 --- [main] .d.s.w.r.o.CachingOperationNameGenerator : Generating unique operation named: checkUserUsingPOST_1
2019-10-16 12:00:10.444  INFO 19156 --- [main] .d.s.w.r.o.CachingOperationNameGenerator : Generating unique operation named: checkUserUsingPUT_1
2019-10-16 12:00:10.445  INFO 19156 --- [main] .d.s.w.r.o.CachingOperationNameGenerator : Generating unique operation named: checkUserUsingPATCH_1
2019-10-16 12:00:10.446  INFO 19156 --- [main] .d.s.w.r.o.CachingOperationNameGenerator : Generating unique operation named: checkUserUsingDELETE_1
2019-10-16 12:00:10.446  INFO 19156 --- [main] .d.s.w.r.o.CachingOperationNameGenerator : Generating unique operation named: checkUserUsingOPTIONS_1
2019-10-16 12:00:10.447  INFO 19156 --- [main] .d.s.w.r.o.CachingOperationNameGenerator : Generating unique operation named: checkUserUsingTRACE_1
2019-10-16 12:00:10.451  INFO 19156 --- [main] .d.s.w.r.o.CachingOperationNameGenerator : Generating unique operation named: deleteUserUsingGET_1
2019-10-16 12:00:10.452  INFO 19156 --- [main] .d.s.w.r.o.CachingOperationNameGenerator : Generating unique operation named: deleteUserUsingHEAD_1
2019-10-16 12:00:10.453  INFO 19156 --- [main] .d.s.w.r.o.CachingOperationNameGenerator : Generating unique operation named: deleteUserUsingPOST_1
2019-10-16 12:00:10.453  INFO 19156 --- [main] .d.s.w.r.o.CachingOperationNameGenerator : Generating unique operation named: deleteUserUsingPUT_1
2019-10-16 12:00:10.454  INFO 19156 --- [main] .d.s.w.r.o.CachingOperationNameGenerator : Generating unique operation named: deleteUserUsingPATCH_1
2019-10-16 12:00:10.454  INFO 19156 --- [main] .d.s.w.r.o.CachingOperationNameGenerator : Generating unique operation named: deleteUserUsingDELETE_1
2019-10-16 12:00:10.455  INFO 19156 --- [main] .d.s.w.r.o.CachingOperationNameGenerator : Generating unique operation named: deleteUserUsingOPTIONS_1
2019-10-16 12:00:10.456  INFO 19156 --- [main] .d.s.w.r.o.CachingOperationNameGenerator : Generating unique operation named: deleteUserUsingTRACE_1
2019-10-16 12:00:10.457  INFO 19156 --- [main] .d.s.w.r.o.CachingOperationNameGenerator : Generating unique operation named: editUserUsingPOST_1
2019-10-16 12:00:10.468  INFO 19156 --- [main] .d.s.w.r.o.CachingOperationNameGenerator : Generating unique operation named: userAllUsingGET_1
2019-10-16 12:00:10.469  INFO 19156 --- [main] .d.s.w.r.o.CachingOperationNameGenerator : Generating unique operation named: userAllUsingHEAD_1
2019-10-16 12:00:10.469  INFO 19156 --- [main] .d.s.w.r.o.CachingOperationNameGenerator : Generating unique operation named: userAllUsingPOST_1
2019-10-16 12:00:10.470  INFO 19156 --- [main] .d.s.w.r.o.CachingOperationNameGenerator : Generating unique operation named: userAllUsingPUT_1
2019-10-16 12:00:10.470  INFO 19156 --- [main] .d.s.w.r.o.CachingOperationNameGenerator : Generating unique operation named: userAllUsingPATCH_1
2019-10-16 12:00:10.470  INFO 19156 --- [main] .d.s.w.r.o.CachingOperationNameGenerator : Generating unique operation named: userAllUsingDELETE_1
2019-10-16 12:00:10.471  INFO 19156 --- [main] .d.s.w.r.o.CachingOperationNameGenerator : Generating unique operation named: userAllUsingOPTIONS_1
2019-10-16 12:00:10.471  INFO 19156 --- [main] .d.s.w.r.o.CachingOperationNameGenerator : Generating unique operation named: userAllUsingTRACE_1
2019-10-16 12:00:10.474  INFO 19156 --- [main] .d.s.w.r.o.CachingOperationNameGenerator : Generating unique operation named: addUserUsingPOST_2
2019-10-16 12:00:10.475  INFO 19156 --- [main] .d.s.w.r.o.CachingOperationNameGenerator : Generating unique operation named: checkUserUsingGET_2
2019-10-16 12:00:10.475  INFO 19156 --- [main] .d.s.w.r.o.CachingOperationNameGenerator : Generating unique operation named: checkUserUsingHEAD_2
2019-10-16 12:00:10.476  INFO 19156 --- [main] .d.s.w.r.o.CachingOperationNameGenerator : Generating unique operation named: checkUserUsingPOST_2
2019-10-16 12:00:10.476  INFO 19156 --- [main] .d.s.w.r.o.CachingOperationNameGenerator : Generating unique operation named: checkUserUsingPUT_2
2019-10-16 12:00:10.477  INFO 19156 --- [main] .d.s.w.r.o.CachingOperationNameGenerator : Generating unique operation named: checkUserUsingPATCH_2
2019-10-16 12:00:10.477  INFO 19156 --- [main] .d.s.w.r.o.CachingOperationNameGenerator : Generating unique operation named: checkUserUsingDELETE_2
2019-10-16 12:00:10.478  INFO 19156 --- [main] .d.s.w.r.o.CachingOperationNameGenerator : Generating unique operation named: checkUserUsingOPTIONS_2
2019-10-16 12:00:10.478  INFO 19156 --- [main] .d.s.w.r.o.CachingOperationNameGenerator : Generating unique operation named: checkUserUsingTRACE_2
2019-10-16 12:00:10.479  INFO 19156 --- [main] .d.s.w.r.o.CachingOperationNameGenerator : Generating unique operation named: deleteUserUsingGET_2
2019-10-16 12:00:10.480  INFO 19156 --- [main] .d.s.w.r.o.CachingOperationNameGenerator : Generating unique operation named: deleteUserUsingHEAD_2
2019-10-16 12:00:10.481  INFO 19156 --- [main] .d.s.w.r.o.CachingOperationNameGenerator : Generating unique operation named: deleteUserUsingPOST_2
2019-10-16 12:00:10.481  INFO 19156 --- [main] .d.s.w.r.o.CachingOperationNameGenerator : Generating unique operation named: deleteUserUsingPUT_2
2019-10-16 12:00:10.482  INFO 19156 --- [main] .d.s.w.r.o.CachingOperationNameGenerator : Generating unique operation named: deleteUserUsingPATCH_2
2019-10-16 12:00:10.483  INFO 19156 --- [main] .d.s.w.r.o.CachingOperationNameGenerator : Generating unique operation named: deleteUserUsingDELETE_2
2019-10-16 12:00:10.483  INFO 19156 --- [main] .d.s.w.r.o.CachingOperationNameGenerator : Generating unique operation named: deleteUserUsingOPTIONS_2
2019-10-16 12:00:10.484  INFO 19156 --- [main] .d.s.w.r.o.CachingOperationNameGenerator : Generating unique operation named: deleteUserUsingTRACE_2
2019-10-16 12:00:10.485  INFO 19156 --- [main] .d.s.w.r.o.CachingOperationNameGenerator : Generating unique operation named: editUserUsingPOST_2
2019-10-16 12:00:10.485  INFO 19156 --- [main] .d.s.w.r.o.CachingOperationNameGenerator : Generating unique operation named: userAllUsingGET_2
2019-10-16 12:00:10.486  INFO 19156 --- [main] .d.s.w.r.o.CachingOperationNameGenerator : Generating unique operation named: userAllUsingHEAD_2
2019-10-16 12:00:10.486  INFO 19156 --- [main] .d.s.w.r.o.CachingOperationNameGenerator : Generating unique operation named: userAllUsingPOST_2
2019-10-16 12:00:10.486  INFO 19156 --- [main] .d.s.w.r.o.CachingOperationNameGenerator : Generating unique operation named: userAllUsingPUT_2
2019-10-16 12:00:10.487  INFO 19156 --- [main] .d.s.w.r.o.CachingOperationNameGenerator : Generating unique operation named: userAllUsingPATCH_2
2019-10-16 12:00:10.487  INFO 19156 --- [main] .d.s.w.r.o.CachingOperationNameGenerator : Generating unique operation named: userAllUsingDELETE_2
2019-10-16 12:00:10.488  INFO 19156 --- [main] .d.s.w.r.o.CachingOperationNameGenerator : Generating unique operation named: userAllUsingOPTIONS_2
2019-10-16 12:00:10.489  INFO 19156 --- [main] .d.s.w.r.o.CachingOperationNameGenerator : Generating unique operation named: userAllUsingTRACE_2
2019-10-16 12:00:10.506  INFO 19156 --- [main] .d.s.w.r.o.CachingOperationNameGenerator : Generating unique operation named: addUserUsingPOST_3
2019-10-16 12:00:10.507  INFO 19156 --- [main] .d.s.w.r.o.CachingOperationNameGenerator : Generating unique operation named: checkUserUsingGET_3
2019-10-16 12:00:10.508  INFO 19156 --- [main] .d.s.w.r.o.CachingOperationNameGenerator : Generating unique operation named: checkUserUsingHEAD_3
2019-10-16 12:00:10.508  INFO 19156 --- [main] .d.s.w.r.o.CachingOperationNameGenerator : Generating unique operation named: checkUserUsingPOST_3
2019-10-16 12:00:10.509  INFO 19156 --- [main] .d.s.w.r.o.CachingOperationNameGenerator : Generating unique operation named: checkUserUsingPUT_3
2019-10-16 12:00:10.510  INFO 19156 --- [main] .d.s.w.r.o.CachingOperationNameGenerator : Generating unique operation named: checkUserUsingPATCH_3
2019-10-16 12:00:10.510  INFO 19156 --- [main] .d.s.w.r.o.CachingOperationNameGenerator : Generating unique operation named: checkUserUsingDELETE_3
2019-10-16 12:00:10.511  INFO 19156 --- [main] .d.s.w.r.o.CachingOperationNameGenerator : Generating unique operation named: checkUserUsingOPTIONS_3
2019-10-16 12:00:10.511  INFO 19156 --- [main] .d.s.w.r.o.CachingOperationNameGenerator : Generating unique operation named: checkUserUsingTRACE_3
2019-10-16 12:00:10.512  INFO 19156 --- [main] .d.s.w.r.o.CachingOperationNameGenerator : Generating unique operation named: deleteUserUsingGET_3
2019-10-16 12:00:10.513  INFO 19156 --- [main] .d.s.w.r.o.CachingOperationNameGenerator : Generating unique operation named: deleteUserUsingHEAD_3
2019-10-16 12:00:10.514  INFO 19156 --- [main] .d.s.w.r.o.CachingOperationNameGenerator : Generating unique operation named: deleteUserUsingPOST_3
2019-10-16 12:00:10.514  INFO 19156 --- [main] .d.s.w.r.o.CachingOperationNameGenerator : Generating unique operation named: deleteUserUsingPUT_3
2019-10-16 12:00:10.515  INFO 19156 --- [main] .d.s.w.r.o.CachingOperationNameGenerator : Generating unique operation named: deleteUserUsingPATCH_3
2019-10-16 12:00:10.515  INFO 19156 --- [main] .d.s.w.r.o.CachingOperationNameGenerator : Generating unique operation named: deleteUserUsingDELETE_3
2019-10-16 12:00:10.516  INFO 19156 --- [main] .d.s.w.r.o.CachingOperationNameGenerator : Generating unique operation named: deleteUserUsingOPTIONS_3
2019-10-16 12:00:10.516  INFO 19156 --- [main] .d.s.w.r.o.CachingOperationNameGenerator : Generating unique operation named: deleteUserUsingTRACE_3
2019-10-16 12:00:10.517  INFO 19156 --- [main] .d.s.w.r.o.CachingOperationNameGenerator : Generating unique operation named: editUserUsingPOST_3
2019-10-16 12:00:10.518  INFO 19156 --- [main] .d.s.w.r.o.CachingOperationNameGenerator : Generating unique operation named: userAllUsingGET_3
2019-10-16 12:00:10.518  INFO 19156 --- [main] .d.s.w.r.o.CachingOperationNameGenerator : Generating unique operation named: userAllUsingHEAD_3
2019-10-16 12:00:10.518  INFO 19156 --- [main] .d.s.w.r.o.CachingOperationNameGenerator : Generating unique operation named: userAllUsingPOST_3
2019-10-16 12:00:10.519  INFO 19156 --- [main] .d.s.w.r.o.CachingOperationNameGenerator : Generating unique operation named: userAllUsingPUT_3
2019-10-16 12:00:10.519  INFO 19156 --- [main] .d.s.w.r.o.CachingOperationNameGenerator : Generating unique operation named: userAllUsingPATCH_3
2019-10-16 12:00:10.519  INFO 19156 --- [main] .d.s.w.r.o.CachingOperationNameGenerator : Generating unique operation named: userAllUsingDELETE_3
2019-10-16 12:00:10.520  INFO 19156 --- [main] .d.s.w.r.o.CachingOperationNameGenerator : Generating unique operation named: userAllUsingOPTIONS_3
2019-10-16 12:00:10.521  INFO 19156 --- [main] .d.s.w.r.o.CachingOperationNameGenerator : Generating unique operation named: userAllUsingTRACE_3
2019-10-16 12:00:10.569  INFO 19156 --- [main] o.s.b.w.embedded.tomcat.TomcatWebServer  : Tomcat started on port(s): 8000 (http) with context path ''
2019-10-16 12:00:10.571  INFO 19156 --- [main] c.cn.wavetop.dataone.DataoneApplication  : Started DataoneApplication in 6.606 seconds (JVM running for 7.266)
2019-10-16 12:00:35.233  INFO 19156 --- [http-nio-8000-exec-1] o.a.c.c.C.[Tomcat].[localhost].[/]       : Initializing Spring DispatcherServlet 'dispatcherServlet'
2019-10-16 12:00:35.233  INFO 19156 --- [http-nio-8000-exec-1] o.s.web.servlet.DispatcherServlet        : Initializing Servlet 'dispatcherServlet'
2019-10-16 12:00:35.249  INFO 19156 --- [http-nio-8000-exec-1] o.s.web.servlet.DispatcherServlet        : Completed initialization in 16 ms
